2022-07-04 19:17:34,901 INFO o.a.j.u.JMeterUtils: Setting Locale to en_IN
2022-07-04 19:17:34,924 INFO o.a.j.JMeter: Loading user properties from: user.properties
2022-07-04 19:17:34,924 INFO o.a.j.JMeter: Loading system properties from: system.properties
2022-07-04 19:17:34,924 INFO o.a.j.JMeter: Setting JMeter property: jmeter.save.saveservice.output_format=xml
2022-07-04 19:17:34,924 INFO o.a.j.JMeter: Setting JMeter property: jmeter.save.saveservice.assertion_results=all
2022-07-04 19:17:34,924 INFO o.a.j.JMeter: Setting JMeter property: jmeter.save.saveservice.thread_counts=true
2022-07-04 19:17:34,924 INFO o.a.j.JMeter: Setting JMeter property: jmeter.save.saveservice.bytes=true
2022-07-04 19:17:34,924 INFO o.a.j.JMeter: Setting JMeter property: jmeter.save.saveservice.response_data.on_error=true
2022-07-04 19:17:34,924 INFO o.a.j.JMeter: Setting JMeter property: jmeter.save.saveservice.response_data=true
2022-07-04 19:17:34,925 INFO o.a.j.JMeter: Setting JMeter property: jmeter.save.saveservice.response_message=true
2022-07-04 19:17:34,925 INFO o.a.j.JMeter: Setting JMeter property: jmeter.save.saveservice.samplerData=true
2022-07-04 19:17:34,925 INFO o.a.j.JMeter: Setting JMeter property: jmeter.save.saveservice.responseHeaders=true
2022-07-04 19:17:34,925 INFO o.a.j.JMeter: Setting JMeter property: jmeter.save.saveservice.requestHeaders=true
2022-07-04 19:17:34,925 INFO o.a.j.JMeter: Setting JMeter property: Environment=PreProd
2022-07-04 19:17:34,930 INFO o.a.j.JMeter: Copyright (c) 1998-2021 The Apache Software Foundation
2022-07-04 19:17:34,930 INFO o.a.j.JMeter: Version 5.4.3
2022-07-04 19:17:34,930 INFO o.a.j.JMeter: java.version=11.0.14
2022-07-04 19:17:34,930 INFO o.a.j.JMeter: java.vm.name=Java HotSpot(TM) 64-Bit Server VM
2022-07-04 19:17:34,930 INFO o.a.j.JMeter: os.name=Mac OS X
2022-07-04 19:17:34,930 INFO o.a.j.JMeter: os.arch=x86_64
2022-07-04 19:17:34,930 INFO o.a.j.JMeter: os.version=11.6
2022-07-04 19:17:34,930 INFO o.a.j.JMeter: file.encoding=UTF-8
2022-07-04 19:17:34,930 INFO o.a.j.JMeter: java.awt.headless=true
2022-07-04 19:17:34,930 INFO o.a.j.JMeter: Max memory     =5368709120
2022-07-04 19:17:34,930 INFO o.a.j.JMeter: Available Processors =12
2022-07-04 19:17:34,936 INFO o.a.j.JMeter: Default Locale=English (India)
2022-07-04 19:17:34,936 INFO o.a.j.JMeter: JMeter  Locale=English (India)
2022-07-04 19:17:34,937 INFO o.a.j.JMeter: JMeterHome=/Users/b0266093/Downloads/apache-jmeter-5.4.3
2022-07-04 19:17:34,937 INFO o.a.j.JMeter: user.dir  =/Users/b0266093/Downloads/apache-jmeter-5.4.3/bin
2022-07-04 19:17:34,937 INFO o.a.j.JMeter: PWD       =/Users/b0266093/Downloads/apache-jmeter-5.4.3/bin
2022-07-04 19:17:34,950 INFO o.a.j.JMeter: IP: 10.108.1.139 Name: LTB0266093-MAC FullName: ltb0266093-mac
2022-07-04 19:17:34,957 INFO o.a.j.s.FileServer: Default base='/Users/b0266093/Downloads/apache-jmeter-5.4.3/bin'
2022-07-04 19:17:34,958 INFO o.a.j.s.FileServer: Set new base='/Users/b0266093/Documents/GIT/jmeter-ant/test'
2022-07-04 19:17:35,123 INFO o.a.j.s.SaveService: Testplan (JMX) version: 2.2. Testlog (JTL) version: 2.2
2022-07-04 19:17:35,141 INFO o.a.j.s.SaveService: Using SaveService properties version 5.0
2022-07-04 19:17:35,144 INFO o.a.j.s.SaveService: Using SaveService properties file encoding UTF-8
2022-07-04 19:17:35,146 INFO o.a.j.s.SaveService: Loading file: /Users/b0266093/Documents/GIT/jmeter-ant/test/API.jmx
2022-07-04 19:17:35,197 INFO o.a.j.p.h.s.HTTPSamplerBase: Parser for text/html is org.apache.jmeter.protocol.http.parser.LagartoBasedHtmlParser
2022-07-04 19:17:35,197 INFO o.a.j.p.h.s.HTTPSamplerBase: Parser for application/xhtml+xml is org.apache.jmeter.protocol.http.parser.LagartoBasedHtmlParser
2022-07-04 19:17:35,197 INFO o.a.j.p.h.s.HTTPSamplerBase: Parser for application/xml is org.apache.jmeter.protocol.http.parser.LagartoBasedHtmlParser
2022-07-04 19:17:35,198 INFO o.a.j.p.h.s.HTTPSamplerBase: Parser for text/xml is org.apache.jmeter.protocol.http.parser.LagartoBasedHtmlParser
2022-07-04 19:17:35,198 INFO o.a.j.p.h.s.HTTPSamplerBase: Parser for text/vnd.wap.wml is org.apache.jmeter.protocol.http.parser.RegexpHTMLParser
2022-07-04 19:17:35,198 INFO o.a.j.p.h.s.HTTPSamplerBase: Parser for text/css is org.apache.jmeter.protocol.http.parser.CssParser
2022-07-04 19:17:35,208 INFO o.a.j.JMeter: Creating summariser <summary>
2022-07-04 19:17:35,211 INFO o.a.j.e.StandardJMeterEngine: Running the test!
2022-07-04 19:17:35,211 INFO o.a.j.s.SampleEvent: List of sample_variables: [request, response]
2022-07-04 19:17:35,211 INFO o.a.j.s.SampleEvent: List of sample_variables: [request, response]
2022-07-04 19:17:35,218 INFO o.a.j.e.u.CompoundVariable: Note: Function class names must contain the string: '.functions.'
2022-07-04 19:17:35,218 INFO o.a.j.e.u.CompoundVariable: Note: Function class names must not contain the string: '.gui.'
2022-07-04 19:17:35,434 INFO c.t.j.e.c.PropertyReader: Property file reader - loading the properties from /Users/b0266093/Documents/GIT/jmeter-ant/test/PreProd.properties
2022-07-04 19:17:35,590 INFO o.a.j.JMeter: Running test (1656942455590)
2022-07-04 19:17:35,606 INFO o.a.j.e.StandardJMeterEngine: Starting ThreadGroup: 1 : API - Scenario
2022-07-04 19:17:35,606 INFO o.a.j.e.StandardJMeterEngine: Starting 1 threads for group API - Scenario.
2022-07-04 19:17:35,606 INFO o.a.j.e.StandardJMeterEngine: Thread will continue on error
2022-07-04 19:17:35,606 INFO o.a.j.t.ThreadGroup: Starting thread group... number=1 threads=1 ramp-up=1 delayedStart=false
2022-07-04 19:17:35,611 INFO o.a.j.t.ThreadGroup: Started thread group number 1
2022-07-04 19:17:35,611 INFO o.a.j.e.StandardJMeterEngine: All thread groups have been started
2022-07-04 19:17:35,614 INFO o.a.j.t.JMeterThread: Thread started: API - Scenario 1-1
2022-07-04 19:17:40,635 INFO o.a.j.p.h.s.HTTPHCAbstractImpl: Local host = LTB0266093-MAC
2022-07-04 19:17:40,640 INFO o.a.j.p.h.s.HTTPHC4Impl: HTTP request retry count = 0
2022-07-04 19:17:40,641 INFO o.a.j.s.SampleResult: Note: Sample TimeStamps are START times
2022-07-04 19:17:40,641 INFO o.a.j.s.SampleResult: sampleresult.default.encoding is set to ISO-8859-1
2022-07-04 19:17:40,641 INFO o.a.j.s.SampleResult: sampleresult.useNanoTime=true
2022-07-04 19:17:40,641 INFO o.a.j.s.SampleResult: sampleresult.nanoThreadSleep=5000
2022-07-04 19:17:52,414 INFO o.a.j.t.JMeterThread: Thread is done: API - Scenario 1-1
2022-07-04 19:17:52,415 INFO o.a.j.t.JMeterThread: Thread finished: API - Scenario 1-1
2022-07-04 19:17:52,416 INFO o.a.j.e.StandardJMeterEngine: Notifying test listeners of end of test
2022-07-04 19:17:52,418 INFO o.a.j.r.Summariser: summary =      3 in 00:00:17 =    0.2/s Avg:   367 Min:   234 Max:   547 Err:     1 (33.33%)
